-------------------------------------------------------------------------------
Test set: testRunner.TestRun
-------------------------------------------------------------------------------
Tests run: 6, Failures: 1, Errors: 0, Skipped: 0, Time elapsed: 83.014 s <<< FAILURE! - in testRunner.TestRun
Successful Login with Valid Credentials(AutomationPractice - Customer)  Time elapsed: 12.243 s  <<< FAILURE!
java.lang.AssertionError

